[2025-05-06 19:11:50] ERROR: 🔥 This is a test error log

[2025-05-06 19:19:33] ERROR: Login Error error is not defined
ReferenceError: error is not defined
    at exports.login (C:\Personal\Student\student-management\backend\controllers\auth.controller.js:80:41)

[2025-05-06 19:21:34] ERROR: Login Error

[2025-05-07 11:53:16] ERROR: Login failed: Database is disconnected

[2025-05-07 11:53:21] ERROR: Login failed: Database is disconnected

[2025-05-12 10:30:53] ERROR: Get All Users Error connect ETIMEDOUT 35.200.229.88:27017
MongoServerSelectionError: connect ETIMEDOUT 35.200.229.88:27017
    at Topology.selectServer (C:\Personal\Student\student-management\backend\node_modules\mongodb\lib\sdam\topology.js:321:38)
    at async tryOperation (C:\Personal\Student\student-management\backend\node_modules\mongodb\lib\operations\execute_operation.js:145:18)
    at async executeOperation (C:\Personal\Student\student-management\backend\node_modules\mongodb\lib\operations\execute_operation.js:75:16)
    at async FindCursor._initialize (C:\Personal\Student\student-management\backend\node_modules\mongodb\lib\cursor\find_cursor.js:61:26)
    at async FindCursor.cursorInit (C:\Personal\Student\student-management\backend\node_modules\mongodb\lib\cursor\abstract_cursor.js:633:27)
    at async FindCursor.fetchBatch (C:\Personal\Student\student-management\backend\node_modules\mongodb\lib\cursor\abstract_cursor.js:667:13)
    at async FindCursor.next (C:\Personal\Student\student-management\backend\node_modules\mongodb\lib\cursor\abstract_cursor.js:347:17)
    at async [Symbol.asyncIterator] (C:\Personal\Student\student-management\backend\node_modules\mongodb\lib\cursor\abstract_cursor.js:255:34)
    at async FindCursor.toArray (C:\Personal\Student\student-management\backend\node_modules\mongodb\lib\cursor\abstract_cursor.js:427:26)
    at async exports.getAllUsers (C:\Personal\Student\student-management\backend\controllers\user.controller.js:16:22)
[2025-05-12 13:21:52] ERROR: Update Error Class constructor ObjectId cannot be invoked without 'new'
TypeError: Class constructor ObjectId cannot be invoked without 'new'
    at exports.updateUser (C:\Personal\Student\student-management\backend\controllers\auth.controller.js:105:43)
    at Layer.handle [as handle_request] (C:\Personal\Student\student-management\backend\node_modules\express\lib\router\layer.js:95:5)
    at next (C:\Personal\Student\student-management\backend\node_modules\express\lib\router\route.js:149:13)
    at Route.dispatch (C:\Personal\Student\student-management\backend\node_modules\express\lib\router\route.js:119:3)
    at Layer.handle [as handle_request] (C:\Personal\Student\student-management\backend\node_modules\express\lib\router\layer.js:95:5)
    at C:\Personal\Student\student-management\backend\node_modules\express\lib\router\index.js:284:15
    at param (C:\Personal\Student\student-management\backend\node_modules\express\lib\router\index.js:365:14)
    at param (C:\Personal\Student\student-management\backend\node_modules\express\lib\router\index.js:376:14)
    at Function.process_params (C:\Personal\Student\student-management\backend\node_modules\express\lib\router\index.js:421:3)
    at next (C:\Personal\Student\student-management\backend\node_modules\express\lib\router\index.js:280:10)
[2025-05-12 13:24:11] ERROR: Update Error ObjectId is not defined
ReferenceError: ObjectId is not defined
    at exports.updateUser (C:\Personal\Student\student-management\backend\controllers\auth.controller.js:106:24)
    at Layer.handle [as handle_request] (C:\Personal\Student\student-management\backend\node_modules\express\lib\router\layer.js:95:5)
    at next (C:\Personal\Student\student-management\backend\node_modules\express\lib\router\route.js:149:13)
    at Route.dispatch (C:\Personal\Student\student-management\backend\node_modules\express\lib\router\route.js:119:3)
    at Layer.handle [as handle_request] (C:\Personal\Student\student-management\backend\node_modules\express\lib\router\layer.js:95:5)
    at C:\Personal\Student\student-management\backend\node_modules\express\lib\router\index.js:284:15
    at param (C:\Personal\Student\student-management\backend\node_modules\express\lib\router\index.js:365:14)
    at param (C:\Personal\Student\student-management\backend\node_modules\express\lib\router\index.js:376:14)
    at Function.process_params (C:\Personal\Student\student-management\backend\node_modules\express\lib\router\index.js:421:3)
    at next (C:\Personal\Student\student-management\backend\node_modules\express\lib\router\index.js:280:10)
[2025-05-14 19:56:31] ERROR: Login Error

[2025-05-15 10:38:27] ERROR: Get All Users Error connect ETIMEDOUT 35.200.229.88:27017
MongoServerSelectionError: connect ETIMEDOUT 35.200.229.88:27017
    at Topology.selectServer (C:\Personal\Student\student-management\backend\node_modules\mongodb\lib\sdam\topology.js:321:38)
    at async tryOperation (C:\Personal\Student\student-management\backend\node_modules\mongodb\lib\operations\execute_operation.js:145:18)
    at async executeOperation (C:\Personal\Student\student-management\backend\node_modules\mongodb\lib\operations\execute_operation.js:75:16)
    at async FindCursor._initialize (C:\Personal\Student\student-management\backend\node_modules\mongodb\lib\cursor\find_cursor.js:61:26)
    at async FindCursor.cursorInit (C:\Personal\Student\student-management\backend\node_modules\mongodb\lib\cursor\abstract_cursor.js:633:27)
    at async FindCursor.fetchBatch (C:\Personal\Student\student-management\backend\node_modules\mongodb\lib\cursor\abstract_cursor.js:667:13)
    at async FindCursor.next (C:\Personal\Student\student-management\backend\node_modules\mongodb\lib\cursor\abstract_cursor.js:347:17)
    at async [Symbol.asyncIterator] (C:\Personal\Student\student-management\backend\node_modules\mongodb\lib\cursor\abstract_cursor.js:255:34)
    at async FindCursor.toArray (C:\Personal\Student\student-management\backend\node_modules\mongodb\lib\cursor\abstract_cursor.js:427:26)
    at async exports.getAllUsers (C:\Personal\Student\student-management\backend\controllers\user.controller.js:16:22)
[2025-05-15 10:59:21] ERROR: Delete Error Class constructor ObjectId cannot be invoked without 'new'
TypeError: Class constructor ObjectId cannot be invoked without 'new'
    at exports.deleteUser (C:\Personal\Student\student-management\backend\controllers\auth.controller.js:135:41)
    at Layer.handle [as handle_request] (C:\Personal\Student\student-management\backend\node_modules\express\lib\router\layer.js:95:5)
    at next (C:\Personal\Student\student-management\backend\node_modules\express\lib\router\route.js:149:13)
    at Route.dispatch (C:\Personal\Student\student-management\backend\node_modules\express\lib\router\route.js:119:3)
    at Layer.handle [as handle_request] (C:\Personal\Student\student-management\backend\node_modules\express\lib\router\layer.js:95:5)
    at C:\Personal\Student\student-management\backend\node_modules\express\lib\router\index.js:284:15
    at param (C:\Personal\Student\student-management\backend\node_modules\express\lib\router\index.js:365:14)
    at param (C:\Personal\Student\student-management\backend\node_modules\express\lib\router\index.js:376:14)
    at Function.process_params (C:\Personal\Student\student-management\backend\node_modules\express\lib\router\index.js:421:3)
    at next (C:\Personal\Student\student-management\backend\node_modules\express\lib\router\index.js:280:10)
[2025-05-15 10:59:26] ERROR: Delete Error Class constructor ObjectId cannot be invoked without 'new'
TypeError: Class constructor ObjectId cannot be invoked without 'new'
    at exports.deleteUser (C:\Personal\Student\student-management\backend\controllers\auth.controller.js:135:41)
    at Layer.handle [as handle_request] (C:\Personal\Student\student-management\backend\node_modules\express\lib\router\layer.js:95:5)
    at next (C:\Personal\Student\student-management\backend\node_modules\express\lib\router\route.js:149:13)
    at Route.dispatch (C:\Personal\Student\student-management\backend\node_modules\express\lib\router\route.js:119:3)
    at Layer.handle [as handle_request] (C:\Personal\Student\student-management\backend\node_modules\express\lib\router\layer.js:95:5)
    at C:\Personal\Student\student-management\backend\node_modules\express\lib\router\index.js:284:15
    at param (C:\Personal\Student\student-management\backend\node_modules\express\lib\router\index.js:365:14)
    at param (C:\Personal\Student\student-management\backend\node_modules\express\lib\router\index.js:376:14)
    at Function.process_params (C:\Personal\Student\student-management\backend\node_modules\express\lib\router\index.js:421:3)
    at next (C:\Personal\Student\student-management\backend\node_modules\express\lib\router\index.js:280:10)
[2025-05-15 10:59:59] ERROR: Delete Error Class constructor ObjectId cannot be invoked without 'new'
TypeError: Class constructor ObjectId cannot be invoked without 'new'
    at exports.deleteUser (C:\Personal\Student\student-management\backend\controllers\auth.controller.js:138:41)
    at Layer.handle [as handle_request] (C:\Personal\Student\student-management\backend\node_modules\express\lib\router\layer.js:95:5)
    at next (C:\Personal\Student\student-management\backend\node_modules\express\lib\router\route.js:149:13)
    at Route.dispatch (C:\Personal\Student\student-management\backend\node_modules\express\lib\router\route.js:119:3)
    at Layer.handle [as handle_request] (C:\Personal\Student\student-management\backend\node_modules\express\lib\router\layer.js:95:5)
    at C:\Personal\Student\student-management\backend\node_modules\express\lib\router\index.js:284:15
    at param (C:\Personal\Student\student-management\backend\node_modules\express\lib\router\index.js:365:14)
    at param (C:\Personal\Student\student-management\backend\node_modules\express\lib\router\index.js:376:14)
    at Function.process_params (C:\Personal\Student\student-management\backend\node_modules\express\lib\router\index.js:421:3)
    at next (C:\Personal\Student\student-management\backend\node_modules\express\lib\router\index.js:280:10)
[2025-05-15 13:54:37] ERROR: Get All Users Error getaddrinfo ENOTFOUND ac-cshncgq-shard-00-00.fg6jgdu.mongodb.net
MongoServerSelectionError: getaddrinfo ENOTFOUND ac-cshncgq-shard-00-00.fg6jgdu.mongodb.net
    at Topology.selectServer (C:\Personal\Student\student-management\backend\node_modules\mongodb\lib\sdam\topology.js:321:38)
    at async tryOperation (C:\Personal\Student\student-management\backend\node_modules\mongodb\lib\operations\execute_operation.js:145:18)
    at async executeOperation (C:\Personal\Student\student-management\backend\node_modules\mongodb\lib\operations\execute_operation.js:75:16)
    at async FindCursor._initialize (C:\Personal\Student\student-management\backend\node_modules\mongodb\lib\cursor\find_cursor.js:61:26)
    at async FindCursor.cursorInit (C:\Personal\Student\student-management\backend\node_modules\mongodb\lib\cursor\abstract_cursor.js:633:27)
    at async FindCursor.fetchBatch (C:\Personal\Student\student-management\backend\node_modules\mongodb\lib\cursor\abstract_cursor.js:667:13)
    at async FindCursor.next (C:\Personal\Student\student-management\backend\node_modules\mongodb\lib\cursor\abstract_cursor.js:347:17)
    at async [Symbol.asyncIterator] (C:\Personal\Student\student-management\backend\node_modules\mongodb\lib\cursor\abstract_cursor.js:255:34)
    at async FindCursor.toArray (C:\Personal\Student\student-management\backend\node_modules\mongodb\lib\cursor\abstract_cursor.js:427:26)
    at async exports.getAllUsers (C:\Personal\Student\student-management\backend\controllers\user.controller.js:14:26)
[2025-05-15 17:19:28] ERROR: Get All Users Error connect ETIMEDOUT 35.200.229.88:27017
MongoServerSelectionError: connect ETIMEDOUT 35.200.229.88:27017
    at Topology.selectServer (C:\Personal\Student\student-management\backend\node_modules\mongodb\lib\sdam\topology.js:321:38)
    at async tryOperation (C:\Personal\Student\student-management\backend\node_modules\mongodb\lib\operations\execute_operation.js:145:18)
    at async executeOperation (C:\Personal\Student\student-management\backend\node_modules\mongodb\lib\operations\execute_operation.js:75:16)
    at async FindCursor._initialize (C:\Personal\Student\student-management\backend\node_modules\mongodb\lib\cursor\find_cursor.js:61:26)
    at async FindCursor.cursorInit (C:\Personal\Student\student-management\backend\node_modules\mongodb\lib\cursor\abstract_cursor.js:633:27)
    at async FindCursor.fetchBatch (C:\Personal\Student\student-management\backend\node_modules\mongodb\lib\cursor\abstract_cursor.js:667:13)
    at async FindCursor.next (C:\Personal\Student\student-management\backend\node_modules\mongodb\lib\cursor\abstract_cursor.js:347:17)
    at async [Symbol.asyncIterator] (C:\Personal\Student\student-management\backend\node_modules\mongodb\lib\cursor\abstract_cursor.js:255:34)
    at async FindCursor.toArray (C:\Personal\Student\student-management\backend\node_modules\mongodb\lib\cursor\abstract_cursor.js:427:26)
    at async exports.getAllUsers (C:\Personal\Student\student-management\backend\controllers\user.controller.js:14:26)
[2025-05-16 21:00:22] ERROR: Get All Users Error read ECONNRESET
Error: read ECONNRESET
    at TLSWrap.onStreamRead (node:internal/stream_base_commons:217:20)
[2025-05-19 10:35:44] ERROR: Get All Users Error connect ETIMEDOUT 35.200.229.88:27017
MongoServerSelectionError: connect ETIMEDOUT 35.200.229.88:27017
    at Topology.selectServer (C:\Personal\Student\student-management\backend\node_modules\mongodb\lib\sdam\topology.js:321:38)
    at async tryOperation (C:\Personal\Student\student-management\backend\node_modules\mongodb\lib\operations\execute_operation.js:145:18)
    at async executeOperation (C:\Personal\Student\student-management\backend\node_modules\mongodb\lib\operations\execute_operation.js:75:16)
    at async FindCursor._initialize (C:\Personal\Student\student-management\backend\node_modules\mongodb\lib\cursor\find_cursor.js:61:26)
    at async FindCursor.cursorInit (C:\Personal\Student\student-management\backend\node_modules\mongodb\lib\cursor\abstract_cursor.js:633:27)
    at async FindCursor.fetchBatch (C:\Personal\Student\student-management\backend\node_modules\mongodb\lib\cursor\abstract_cursor.js:667:13)
    at async FindCursor.next (C:\Personal\Student\student-management\backend\node_modules\mongodb\lib\cursor\abstract_cursor.js:347:17)
    at async [Symbol.asyncIterator] (C:\Personal\Student\student-management\backend\node_modules\mongodb\lib\cursor\abstract_cursor.js:255:34)
    at async FindCursor.toArray (C:\Personal\Student\student-management\backend\node_modules\mongodb\lib\cursor\abstract_cursor.js:427:26)
    at async exports.getAllUsers (C:\Personal\Student\student-management\backend\controllers\user.controller.js:14:26)
